<component name="libraryTable">
  <library name="JUnit5">
    <CLASSES>
      <root url="jar://$PROJECT_DIR$/libs/junit-jars/junit-jupiter-api-5.10.2.jar!/" />
      <root url="jar://$PROJECT_DIR$/libs/junit-jars/junit-jupiter-engine-5.10.2.jar!/" />
      <root url="jar://$PROJECT_DIR$/libs/junit-jars/junit-platform-commons-1.10.2.jar!/" />
      <root url="jar://$PROJECT_DIR$/libs/junit-jars/junit-platform-engine-1.10.2.jar!/" />
      <root url="jar://$PROJECT_DIR$/libs/junit-jars/opentest4j-1.3.0.jar!/" />
      <root url="jar://$PROJECT_DIR$/libs/junit-jars/apiguardian-api-1.1.2.jar!/" />
    </CLASSES>
    <JAVADOC />
    <SOURCES />
  </library>
</component> 